<?xml version="1.0" encoding="utf-8"?><testsuites name="pytest tests"><testsuite name="pytest" errors="0" failures="0" skipped="0" tests="24" time="9.143" timestamp="2026-09-05T12:31:56.325152+00:00" hostname="agent-env-a135fd5d-9df2-4fac-879f-e8f4f734fcea"><testcase classname="tests.test_ponte_api" name="test_root" time="0.310" /><testcase classname="tests.test_ponte_api" name="test_register_duplicate_email" time="0.327" /><testcase classname="tests.test_ponte_api" name="test_register_duplicate_username" time="0.050" /><testcase classname="tests.test_ponte_api" name="test_register_new_user" time="0.273" /><testcase classname="tests.test_ponte_api" name="test_login_wrong_password" time="0.272" /><testcase classname="tests.test_ponte_api" name="test_login_success" time="0.000" /><testcase classname="tests.test_ponte_api" name="test_me_endpoint" time="0.051" /><testcase classname="tests.test_ponte_api" name="test_me_no_token" time="0.105" /><testcase classname="tests.test_ponte_api" name="test_search_by_prefix" time="0.362" /><testcase classname="tests.test_ponte_api" name="test_search_excludes_self" time="0.047" /><testcase classname="tests.test_ponte_api" name="test_search_with_at_prefix" time="0.048" /><testcase classname="tests.test_ponte_api" name="test_start_conversation_not_found" time="0.069" /><testcase classname="tests.test_ponte_api" name="test_start_conversation_self" time="0.049" /><testcase classname="tests.test_ponte_api" name="test_start_conversation_idempotent" time="0.097" /><testcase classname="tests.test_ponte_api" name="test_list_conversations" time="0.049" /><testcase classname="tests.test_ponte_api" name="test_message_translation_pt_to_es" time="1.465" /><testcase classname="tests.test_ponte_api" name="test_get_messages_ordered_and_marks_read" time="0.048" /><testcase classname="tests.test_ponte_api" name="test_reply_and_reactions" time="1.968" /><testcase classname="tests.test_ponte_api" name="test_edit_message_owner" time="1.794" /><testcase classname="tests.test_ponte_api" name="test_edit_message_forbidden" time="0.050" /><testcase classname="tests.test_ponte_api" name="test_delete_message_forbidden" time="0.047" /><testcase classname="tests.test_ponte_api" name="test_delete_message_owner" time="1.144" /><testcase classname="tests.test_ponte_api" name="test_voice_endpoint_requires_auth" time="0.155" /><testcase classname="tests.test_ponte_api" name="test_media_not_found" time="0.047" /></testsuite></testsuites>